<?xml version="1.0" encoding="UTF-8"?>
<testsuite xmlns:xsi="http://www.w3.org/2001/XMLSchema-instance" xsi:noNamespaceSchemaLocation="https://maven.apache.org/surefire/maven-surefire-plugin/xsd/surefire-test-report.xsd" name="cukesrunner.RunnerCukes" time="292.578" tests="1" errors="0" skipped="0" failures="0">
  <properties>
    <property name="awt.toolkit" value="sun.lwawt.macosx.LWCToolkit"/>
    <property name="java.specification.version" value="12"/>
    <property name="sun.jnu.encoding" value="UTF-8"/>
    <property name="java.class.path" value="/Users/us-guest/Documents/AdaptiveAutomationFramework/target/test-classes:/Users/us-guest/Documents/AdaptiveAutomationFramework/target/classes:/Users/us-guest/.m2/repository/com/vimalselvam/cucumber-extentsreport/3.1.0/cucumber-extentsreport-3.1.0.jar:/Users/us-guest/.m2/repository/org/apache/commons/commons-lang3/3.9/commons-lang3-3.9.jar:/Users/us-guest/.m2/repository/com/aventstack/extentreports/4.0.9/extentreports-4.0.9.jar:/Users/us-guest/.m2/repository/org/freemarker/freemarker/2.3.23/freemarker-2.3.23.jar:/Users/us-guest/.m2/repository/org/mongodb/mongodb-driver/3.3.0/mongodb-driver-3.3.0.jar:/Users/us-guest/.m2/repository/org/mongodb/mongodb-driver-core/3.3.0/mongodb-driver-core-3.3.0.jar:/Users/us-guest/.m2/repository/org/mongodb/bson/3.3.0/bson-3.3.0.jar:/Users/us-guest/.m2/repository/org/apache/httpcomponents/httpclient/4.5.2/httpclient-4.5.2.jar:/Users/us-guest/.m2/repository/org/apache/httpcomponents/httpcore/4.4.4/httpcore-4.4.4.jar:/Users/us-guest/.m2/repository/commons-logging/commons-logging/1.2/commons-logging-1.2.jar:/Users/us-guest/.m2/repository/org/apache/httpcomponents/httpmime/4.5.2/httpmime-4.5.2.jar:/Users/us-guest/.m2/repository/com/google/code/gson/gson/2.8.5/gson-2.8.5.jar:/Users/us-guest/.m2/repository/com/github/mkolisnyk/cucumber-reports/1.0.7/cucumber-reports-1.0.7.jar:/Users/us-guest/.m2/repository/xml-apis/xml-apis/1.4.01/xml-apis-1.4.01.jar:/Users/us-guest/.m2/repository/batik/batik-transcoder/1.6-1/batik-transcoder-1.6-1.jar:/Users/us-guest/.m2/repository/batik/batik-bridge/1.6-1/batik-bridge-1.6-1.jar:/Users/us-guest/.m2/repository/batik/batik-gvt/1.6-1/batik-gvt-1.6-1.jar:/Users/us-guest/.m2/repository/batik/batik-awt-util/1.6-1/batik-awt-util-1.6-1.jar:/Users/us-guest/.m2/repository/batik/batik-util/1.6-1/batik-util-1.6-1.jar:/Users/us-guest/.m2/repository/batik/batik-gui-util/1.6-1/batik-gui-util-1.6-1.jar:/Users/us-guest/.m2/repository/batik/batik-ext/1.6-1/batik-ext-1.6-1.jar:/Users/us-guest/.m2/repository/xml-apis/xmlParserAPIs/2.0.2/xmlParserAPIs-2.0.2.jar:/Users/us-guest/.m2/repository/batik/batik-script/1.6-1/batik-script-1.6-1.jar:/Users/us-guest/.m2/repository/rhino/js/1.5R4.1/js-1.5R4.1.jar:/Users/us-guest/.m2/repository/batik/batik-svg-dom/1.6-1/batik-svg-dom-1.6-1.jar:/Users/us-guest/.m2/repository/batik/batik-dom/1.6-1/batik-dom-1.6-1.jar:/Users/us-guest/.m2/repository/batik/batik-css/1.6-1/batik-css-1.6-1.jar:/Users/us-guest/.m2/repository/batik/batik-xml/1.6-1/batik-xml-1.6-1.jar:/Users/us-guest/.m2/repository/batik/batik-parser/1.6-1/batik-parser-1.6-1.jar:/Users/us-guest/.m2/repository/com/itextpdf/itextpdf/5.5.8/itextpdf-5.5.8.jar:/Users/us-guest/.m2/repository/com/cedarsoftware/json-io/2.2.31/json-io-2.2.31.jar:/Users/us-guest/.m2/repository/org/xhtmlrenderer/flying-saucer-pdf/9.0.8/flying-saucer-pdf-9.0.8.jar:/Users/us-guest/.m2/repository/com/lowagie/itext/2.1.7/itext-2.1.7.jar:/Users/us-guest/.m2/repository/bouncycastle/bcmail-jdk14/138/bcmail-jdk14-138.jar:/Users/us-guest/.m2/repository/bouncycastle/bcprov-jdk14/138/bcprov-jdk14-138.jar:/Users/us-guest/.m2/repository/org/bouncycastle/bctsp-jdk14/1.38/bctsp-jdk14-1.38.jar:/Users/us-guest/.m2/repository/org/xhtmlrenderer/flying-saucer-core/9.0.8/flying-saucer-core-9.0.8.jar:/Users/us-guest/.m2/repository/commons-codec/commons-codec/1.10/commons-codec-1.10.jar:/Users/us-guest/.m2/repository/org/javassist/javassist/3.20.0-GA/javassist-3.20.0-GA.jar:/Users/us-guest/.m2/repository/joda-time/joda-time/2.9.1/joda-time-2.9.1.jar:/Users/us-guest/.m2/repository/org/codehaus/plexus/plexus-utils/3.0.1/plexus-utils-3.0.1.jar:/Users/us-guest/.m2/repository/org/apache/maven/maven-plugin-api/2.0/maven-plugin-api-2.0.jar:/Users/us-guest/.m2/repository/org/apache/maven/reporting/maven-reporting-api/2.0.8/maven-reporting-api-2.0.8.jar:/Users/us-guest/.m2/repository/org/apache/maven/doxia/doxia-sink-api/1.0-alpha-9/doxia-sink-api-1.0-alpha-9.jar:/Users/us-guest/.m2/repository/org/apache/maven/reporting/maven-reporting-impl/2.0.4.3/maven-reporting-impl-2.0.4.3.jar:/Users/us-guest/.m2/repository/org/apache/maven/maven-project/2.0.4/maven-project-2.0.4.jar:/Users/us-guest/.m2/repository/org/apache/maven/maven-settings/2.0.4/maven-settings-2.0.4.jar:/Users/us-guest/.m2/repository/org/apache/maven/maven-profile/2.0.4/maven-profile-2.0.4.jar:/Users/us-guest/.m2/repository/org/apache/maven/maven-model/2.0.4/maven-model-2.0.4.jar:/Users/us-guest/.m2/repository/org/apache/maven/maven-artifact-manager/2.0.4/maven-artifact-manager-2.0.4.jar:/Users/us-guest/.m2/repository/org/apache/maven/maven-repository-metadata/2.0.4/maven-repository-metadata-2.0.4.jar:/Users/us-guest/.m2/repository/org/apache/maven/wagon/wagon-provider-api/1.0-alpha-6/wagon-provider-api-1.0-alpha-6.jar:/Users/us-guest/.m2/repository/org/apache/maven/maven-artifact/2.0.4/maven-artifact-2.0.4.jar:/Users/us-guest/.m2/repository/org/codehaus/plexus/plexus-container-default/1.0-alpha-9/plexus-container-default-1.0-alpha-9.jar:/Users/us-guest/.m2/repository/classworlds/classworlds/1.1-alpha-2/classworlds-1.1-alpha-2.jar:/Users/us-guest/.m2/repository/org/apache/maven/doxia/doxia-core/1.0/doxia-core-1.0.jar:/Users/us-guest/.m2/repository/org/apache/maven/doxia/doxia-site-renderer/1.0/doxia-site-renderer-1.0.jar:/Users/us-guest/.m2/repository/org/codehaus/plexus/plexus-i18n/1.0-beta-7/plexus-i18n-1.0-beta-7.jar:/Users/us-guest/.m2/repository/org/codehaus/plexus/plexus-velocity/1.1.7/plexus-velocity-1.1.7.jar:/Users/us-guest/.m2/repository/org/apache/maven/doxia/doxia-decoration-model/1.0/doxia-decoration-model-1.0.jar:/Users/us-guest/.m2/repository/org/apache/maven/doxia/doxia-module-apt/1.0/doxia-module-apt-1.0.jar:/Users/us-guest/.m2/repository/org/apache/maven/doxia/doxia-module-fml/1.0/doxia-module-fml-1.0.jar:/Users/us-guest/.m2/repository/org/apache/maven/doxia/doxia-module-xdoc/1.0/doxia-module-xdoc-1.0.jar:/Users/us-guest/.m2/repository/org/apache/maven/doxia/doxia-module-xhtml/1.0/doxia-module-xhtml-1.0.jar:/Users/us-guest/.m2/repository/org/apache/maven/shared/maven-doxia-tools/1.0.2/maven-doxia-tools-1.0.2.jar:/Users/us-guest/.m2/repository/junit/junit/4.13/junit-4.13.jar:/Users/us-guest/.m2/repository/org/hamcrest/hamcrest-core/1.3/hamcrest-core-1.3.jar:/Users/us-guest/.m2/repository/org/eclipse/jetty/jetty-server/9.3.9.v20160517/jetty-server-9.3.9.v20160517.jar:/Users/us-guest/.m2/repository/javax/servlet/javax.servlet-api/3.1.0/javax.servlet-api-3.1.0.jar:/Users/us-guest/.m2/repository/org/eclipse/jetty/jetty-http/9.3.9.v20160517/jetty-http-9.3.9.v20160517.jar:/Users/us-guest/.m2/repository/org/eclipse/jetty/jetty-util/9.3.9.v20160517/jetty-util-9.3.9.v20160517.jar:/Users/us-guest/.m2/repository/org/eclipse/jetty/jetty-io/9.3.9.v20160517/jetty-io-9.3.9.v20160517.jar:/Users/us-guest/.m2/repository/io/appium/java-client/7.2.0/java-client-7.2.0.jar:/Users/us-guest/.m2/repository/org/seleniumhq/selenium/selenium-support/3.141.59/selenium-support-3.141.59.jar:/Users/us-guest/.m2/repository/org/seleniumhq/selenium/selenium-api/3.141.59/selenium-api-3.141.59.jar:/Users/us-guest/.m2/repository/cglib/cglib/3.2.12/cglib-3.2.12.jar:/Users/us-guest/.m2/repository/org/ow2/asm/asm/7.1/asm-7.1.jar:/Users/us-guest/.m2/repository/commons-validator/commons-validator/1.6/commons-validator-1.6.jar:/Users/us-guest/.m2/repository/commons-beanutils/commons-beanutils/1.9.2/commons-beanutils-1.9.2.jar:/Users/us-guest/.m2/repository/commons-io/commons-io/2.6/commons-io-2.6.jar:/Users/us-guest/.m2/repository/org/springframework/spring-context/5.1.8.RELEASE/spring-context-5.1.8.RELEASE.jar:/Users/us-guest/.m2/repository/org/springframework/spring-aop/5.1.8.RELEASE/spring-aop-5.1.8.RELEASE.jar:/Users/us-guest/.m2/repository/org/springframework/spring-beans/5.1.8.RELEASE/spring-beans-5.1.8.RELEASE.jar:/Users/us-guest/.m2/repository/org/springframework/spring-core/5.1.8.RELEASE/spring-core-5.1.8.RELEASE.jar:/Users/us-guest/.m2/repository/org/springframework/spring-jcl/5.1.8.RELEASE/spring-jcl-5.1.8.RELEASE.jar:/Users/us-guest/.m2/repository/org/springframework/spring-expression/5.1.8.RELEASE/spring-expression-5.1.8.RELEASE.jar:/Users/us-guest/.m2/repository/org/aspectj/aspectjweaver/1.9.4/aspectjweaver-1.9.4.jar:/Users/us-guest/.m2/repository/org/slf4j/slf4j-api/1.7.26/slf4j-api-1.7.26.jar:/Users/us-guest/.m2/repository/org/seleniumhq/selenium/selenium-java/3.141.0/selenium-java-3.141.0.jar:/Users/us-guest/.m2/repository/org/seleniumhq/selenium/selenium-chrome-driver/3.141.0/selenium-chrome-driver-3.141.0.jar:/Users/us-guest/.m2/repository/org/seleniumhq/selenium/selenium-edge-driver/3.141.0/selenium-edge-driver-3.141.0.jar:/Users/us-guest/.m2/repository/org/seleniumhq/selenium/selenium-firefox-driver/3.141.0/selenium-firefox-driver-3.141.0.jar:/Users/us-guest/.m2/repository/org/seleniumhq/selenium/selenium-ie-driver/3.141.0/selenium-ie-driver-3.141.0.jar:/Users/us-guest/.m2/repository/org/seleniumhq/selenium/selenium-opera-driver/3.141.0/selenium-opera-driver-3.141.0.jar:/Users/us-guest/.m2/repository/org/seleniumhq/selenium/selenium-remote-driver/3.141.0/selenium-remote-driver-3.141.0.jar:/Users/us-guest/.m2/repository/org/seleniumhq/selenium/selenium-safari-driver/3.141.0/selenium-safari-driver-3.141.0.jar:/Users/us-guest/.m2/repository/net/bytebuddy/byte-buddy/1.8.15/byte-buddy-1.8.15.jar:/Users/us-guest/.m2/repository/org/apache/commons/commons-exec/1.3/commons-exec-1.3.jar:/Users/us-guest/.m2/repository/com/squareup/okhttp3/okhttp/3.11.0/okhttp-3.11.0.jar:/Users/us-guest/.m2/repository/com/squareup/okio/okio/1.14.0/okio-1.14.0.jar:/Users/us-guest/.m2/repository/org/seleniumhq/selenium/selenium-server/3.141.59/selenium-server-3.141.59.jar:/Users/us-guest/.m2/repository/com/beust/jcommander/1.72/jcommander-1.72.jar:/Users/us-guest/.m2/repository/net/jcip/jcip-annotations/1.0/jcip-annotations-1.0.jar:/Users/us-guest/.m2/repository/org/seleniumhq/selenium/jetty-repacked/9.4.12.v20180830/jetty-repacked-9.4.12.v20180830.jar:/Users/us-guest/.m2/repository/org/yaml/snakeyaml/1.19/snakeyaml-1.19.jar:/Users/us-guest/.m2/repository/org/testng/testng/7.0.0/testng-7.0.0.jar:/Users/us-guest/.m2/repository/info/cukes/cucumber-java/1.2.2/cucumber-java-1.2.2.jar:/Users/us-guest/.m2/repository/info/cukes/cucumber-testng/1.2.4/cucumber-testng-1.2.4.jar:/Users/us-guest/.m2/repository/info/cukes/cucumber-junit/1.2.4/cucumber-junit-1.2.4.jar:/Users/us-guest/.m2/repository/info/cukes/cucumber-core/1.2.4/cucumber-core-1.2.4.jar:/Users/us-guest/.m2/repository/info/cukes/cucumber-html/0.2.3/cucumber-html-0.2.3.jar:/Users/us-guest/.m2/repository/info/cukes/cucumber-jvm-deps/1.0.5/cucumber-jvm-deps-1.0.5.jar:/Users/us-guest/.m2/repository/org/hamcrest/hamcrest-all/1.3/hamcrest-all-1.3.jar:/Users/us-guest/.m2/repository/info/cukes/gherkin/2.12.2/gherkin-2.12.2.jar:/Users/us-guest/.m2/repository/commons-configuration/commons-configuration/1.3/commons-configuration-1.3.jar:/Users/us-guest/.m2/repository/commons-lang/commons-lang/2.1/commons-lang-2.1.jar:/Users/us-guest/.m2/repository/commons-logging/commons-logging-api/1.0.4/commons-logging-api-1.0.4.jar:/Users/us-guest/.m2/repository/commons-digester/commons-digester/1.6/commons-digester-1.6.jar:/Users/us-guest/.m2/repository/commons-beanutils/commons-beanutils-core/1.7.0/commons-beanutils-core-1.7.0.jar:/Users/us-guest/.m2/repository/commons-jxpath/commons-jxpath/1.2/commons-jxpath-1.2.jar:/Users/us-guest/.m2/repository/javax/servlet/servlet-api/2.2/servlet-api-2.2.jar:/Users/us-guest/.m2/repository/ant/ant-optional/1.5.1/ant-optional-1.5.1.jar:/Users/us-guest/.m2/repository/jdom/jdom/b9/jdom-b9.jar:/Users/us-guest/.m2/repository/xerces/xercesImpl/2.2.1/xercesImpl-2.2.1.jar:/Users/us-guest/.m2/repository/xalan/xalan/2.7.0/xalan-2.7.0.jar:/Users/us-guest/.m2/repository/commons-collections/commons-collections/3.2.1/commons-collections-3.2.1.jar:/Users/us-guest/.m2/repository/com/google/guava/guava/22.0/guava-22.0.jar:/Users/us-guest/.m2/repository/com/google/code/findbugs/jsr305/1.3.9/jsr305-1.3.9.jar:/Users/us-guest/.m2/repository/com/google/errorprone/error_prone_annotations/2.0.18/error_prone_annotations-2.0.18.jar:/Users/us-guest/.m2/repository/com/google/j2objc/j2objc-annotations/1.1/j2objc-annotations-1.1.jar:/Users/us-guest/.m2/repository/org/codehaus/mojo/animal-sniffer-annotations/1.14/animal-sniffer-annotations-1.14.jar:/Users/us-guest/.m2/repository/org/apache/poi/poi/3.14/poi-3.14.jar:/Users/us-guest/.m2/repository/org/apache/poi/poi-ooxml/3.14/poi-ooxml-3.14.jar:/Users/us-guest/.m2/repository/org/apache/poi/poi-ooxml-schemas/3.14/poi-ooxml-schemas-3.14.jar:/Users/us-guest/.m2/repository/org/apache/xmlbeans/xmlbeans/2.6.0/xmlbeans-2.6.0.jar:/Users/us-guest/.m2/repository/stax/stax-api/1.0.1/stax-api-1.0.1.jar:/Users/us-guest/.m2/repository/com/github/virtuald/curvesapi/1.03/curvesapi-1.03.jar:/Users/us-guest/.m2/repository/net/masterthought/cucumber-reporting/3.8.0/cucumber-reporting-3.8.0.jar:/Users/us-guest/.m2/repository/org/apache/logging/log4j/log4j-api/2.6/log4j-api-2.6.jar:/Users/us-guest/.m2/repository/org/apache/logging/log4j/log4j-core/2.6/log4j-core-2.6.jar:/Users/us-guest/.m2/repository/com/fasterxml/jackson/core/jackson-databind/2.8.5/jackson-databind-2.8.5.jar:/Users/us-guest/.m2/repository/com/fasterxml/jackson/core/jackson-annotations/2.8.0/jackson-annotations-2.8.0.jar:/Users/us-guest/.m2/repository/com/fasterxml/jackson/core/jackson-core/2.8.5/jackson-core-2.8.5.jar:/Users/us-guest/.m2/repository/org/apache/velocity/velocity/1.7/velocity-1.7.jar:/Users/us-guest/.m2/repository/velocity-tools/velocity-tools/1.4/velocity-tools-1.4.jar:/Users/us-guest/.m2/repository/net/lingala/zip4j/zip4j/1.3.2/zip4j-1.3.2.jar:/Users/us-guest/.m2/repository/org/jsoup/jsoup/1.10.1/jsoup-1.10.1.jar:/Users/us-guest/.m2/repository/com/googlecode/owasp-java-html-sanitizer/owasp-java-html-sanitizer/20160924.1/owasp-java-html-sanitizer-20160924.1.jar:/Users/us-guest/.m2/repository/com/github/lalyos/jfiglet/0.0.8/jfiglet-0.0.8.jar:/Users/us-guest/.m2/repository/info/cukes/cucumber-picocontainer/1.1.3/cucumber-picocontainer-1.1.3.jar:"/>
    <property name="java.vm.vendor" value="Oracle Corporation"/>
    <property name="sun.arch.data.model" value="64"/>
    <property name="java.vendor.url" value="https://java.oracle.com/"/>
    <property name="os.name" value="Mac OS X"/>
    <property name="java.vm.specification.version" value="12"/>
    <property name="sun.java.launcher" value="SUN_STANDARD"/>
    <property name="user.country" value="US"/>
    <property name="sun.boot.library.path" value="/Library/Java/JavaVirtualMachines/jdk-12.0.2.jdk/Contents/Home/lib"/>
    <property name="sun.java.command" value="/Users/us-guest/Documents/AdaptiveAutomationFramework/target/surefire/surefirebooter2599642167489412520.jar /Users/us-guest/Documents/AdaptiveAutomationFramework/target/surefire 2020-05-13T10-22-07_722-jvmRun1 surefire13475252322533707494tmp surefire_08426063723270072444tmp"/>
    <property name="http.nonProxyHosts" value="local|*.local|169.254/16|*.169.254/16"/>
    <property name="jdk.debug" value="release"/>
    <property name="surefire.test.class.path" value="/Users/us-guest/Documents/AdaptiveAutomationFramework/target/test-classes:/Users/us-guest/Documents/AdaptiveAutomationFramework/target/classes:/Users/us-guest/.m2/repository/com/vimalselvam/cucumber-extentsreport/3.1.0/cucumber-extentsreport-3.1.0.jar:/Users/us-guest/.m2/repository/org/apache/commons/commons-lang3/3.9/commons-lang3-3.9.jar:/Users/us-guest/.m2/repository/com/aventstack/extentreports/4.0.9/extentreports-4.0.9.jar:/Users/us-guest/.m2/repository/org/freemarker/freemarker/2.3.23/freemarker-2.3.23.jar:/Users/us-guest/.m2/repository/org/mongodb/mongodb-driver/3.3.0/mongodb-driver-3.3.0.jar:/Users/us-guest/.m2/repository/org/mongodb/mongodb-driver-core/3.3.0/mongodb-driver-core-3.3.0.jar:/Users/us-guest/.m2/repository/org/mongodb/bson/3.3.0/bson-3.3.0.jar:/Users/us-guest/.m2/repository/org/apache/httpcomponents/httpclient/4.5.2/httpclient-4.5.2.jar:/Users/us-guest/.m2/repository/org/apache/httpcomponents/httpcore/4.4.4/httpcore-4.4.4.jar:/Users/us-guest/.m2/repository/commons-logging/commons-logging/1.2/commons-logging-1.2.jar:/Users/us-guest/.m2/repository/org/apache/httpcomponents/httpmime/4.5.2/httpmime-4.5.2.jar:/Users/us-guest/.m2/repository/com/google/code/gson/gson/2.8.5/gson-2.8.5.jar:/Users/us-guest/.m2/repository/com/github/mkolisnyk/cucumber-reports/1.0.7/cucumber-reports-1.0.7.jar:/Users/us-guest/.m2/repository/xml-apis/xml-apis/1.4.01/xml-apis-1.4.01.jar:/Users/us-guest/.m2/repository/batik/batik-transcoder/1.6-1/batik-transcoder-1.6-1.jar:/Users/us-guest/.m2/repository/batik/batik-bridge/1.6-1/batik-bridge-1.6-1.jar:/Users/us-guest/.m2/repository/batik/batik-gvt/1.6-1/batik-gvt-1.6-1.jar:/Users/us-guest/.m2/repository/batik/batik-awt-util/1.6-1/batik-awt-util-1.6-1.jar:/Users/us-guest/.m2/repository/batik/batik-util/1.6-1/batik-util-1.6-1.jar:/Users/us-guest/.m2/repository/batik/batik-gui-util/1.6-1/batik-gui-util-1.6-1.jar:/Users/us-guest/.m2/repository/batik/batik-ext/1.6-1/batik-ext-1.6-1.jar:/Users/us-guest/.m2/repository/xml-apis/xmlParserAPIs/2.0.2/xmlParserAPIs-2.0.2.jar:/Users/us-guest/.m2/repository/batik/batik-script/1.6-1/batik-script-1.6-1.jar:/Users/us-guest/.m2/repository/rhino/js/1.5R4.1/js-1.5R4.1.jar:/Users/us-guest/.m2/repository/batik/batik-svg-dom/1.6-1/batik-svg-dom-1.6-1.jar:/Users/us-guest/.m2/repository/batik/batik-dom/1.6-1/batik-dom-1.6-1.jar:/Users/us-guest/.m2/repository/batik/batik-css/1.6-1/batik-css-1.6-1.jar:/Users/us-guest/.m2/repository/batik/batik-xml/1.6-1/batik-xml-1.6-1.jar:/Users/us-guest/.m2/repository/batik/batik-parser/1.6-1/batik-parser-1.6-1.jar:/Users/us-guest/.m2/repository/com/itextpdf/itextpdf/5.5.8/itextpdf-5.5.8.jar:/Users/us-guest/.m2/repository/com/cedarsoftware/json-io/2.2.31/json-io-2.2.31.jar:/Users/us-guest/.m2/repository/org/xhtmlrenderer/flying-saucer-pdf/9.0.8/flying-saucer-pdf-9.0.8.jar:/Users/us-guest/.m2/repository/com/lowagie/itext/2.1.7/itext-2.1.7.jar:/Users/us-guest/.m2/repository/bouncycastle/bcmail-jdk14/138/bcmail-jdk14-138.jar:/Users/us-guest/.m2/repository/bouncycastle/bcprov-jdk14/138/bcprov-jdk14-138.jar:/Users/us-guest/.m2/repository/org/bouncycastle/bctsp-jdk14/1.38/bctsp-jdk14-1.38.jar:/Users/us-guest/.m2/repository/org/xhtmlrenderer/flying-saucer-core/9.0.8/flying-saucer-core-9.0.8.jar:/Users/us-guest/.m2/repository/commons-codec/commons-codec/1.10/commons-codec-1.10.jar:/Users/us-guest/.m2/repository/org/javassist/javassist/3.20.0-GA/javassist-3.20.0-GA.jar:/Users/us-guest/.m2/repository/joda-time/joda-time/2.9.1/joda-time-2.9.1.jar:/Users/us-guest/.m2/repository/org/codehaus/plexus/plexus-utils/3.0.1/plexus-utils-3.0.1.jar:/Users/us-guest/.m2/repository/org/apache/maven/maven-plugin-api/2.0/maven-plugin-api-2.0.jar:/Users/us-guest/.m2/repository/org/apache/maven/reporting/maven-reporting-api/2.0.8/maven-reporting-api-2.0.8.jar:/Users/us-guest/.m2/repository/org/apache/maven/doxia/doxia-sink-api/1.0-alpha-9/doxia-sink-api-1.0-alpha-9.jar:/Users/us-guest/.m2/repository/org/apache/maven/reporting/maven-reporting-impl/2.0.4.3/maven-reporting-impl-2.0.4.3.jar:/Users/us-guest/.m2/repository/org/apache/maven/maven-project/2.0.4/maven-project-2.0.4.jar:/Users/us-guest/.m2/repository/org/apache/maven/maven-settings/2.0.4/maven-settings-2.0.4.jar:/Users/us-guest/.m2/repository/org/apache/maven/maven-profile/2.0.4/maven-profile-2.0.4.jar:/Users/us-guest/.m2/repository/org/apache/maven/maven-model/2.0.4/maven-model-2.0.4.jar:/Users/us-guest/.m2/repository/org/apache/maven/maven-artifact-manager/2.0.4/maven-artifact-manager-2.0.4.jar:/Users/us-guest/.m2/repository/org/apache/maven/maven-repository-metadata/2.0.4/maven-repository-metadata-2.0.4.jar:/Users/us-guest/.m2/repository/org/apache/maven/wagon/wagon-provider-api/1.0-alpha-6/wagon-provider-api-1.0-alpha-6.jar:/Users/us-guest/.m2/repository/org/apache/maven/maven-artifact/2.0.4/maven-artifact-2.0.4.jar:/Users/us-guest/.m2/repository/org/codehaus/plexus/plexus-container-default/1.0-alpha-9/plexus-container-default-1.0-alpha-9.jar:/Users/us-guest/.m2/repository/classworlds/classworlds/1.1-alpha-2/classworlds-1.1-alpha-2.jar:/Users/us-guest/.m2/repository/org/apache/maven/doxia/doxia-core/1.0/doxia-core-1.0.jar:/Users/us-guest/.m2/repository/org/apache/maven/doxia/doxia-site-renderer/1.0/doxia-site-renderer-1.0.jar:/Users/us-guest/.m2/repository/org/codehaus/plexus/plexus-i18n/1.0-beta-7/plexus-i18n-1.0-beta-7.jar:/Users/us-guest/.m2/repository/org/codehaus/plexus/plexus-velocity/1.1.7/plexus-velocity-1.1.7.jar:/Users/us-guest/.m2/repository/org/apache/maven/doxia/doxia-decoration-model/1.0/doxia-decoration-model-1.0.jar:/Users/us-guest/.m2/repository/org/apache/maven/doxia/doxia-module-apt/1.0/doxia-module-apt-1.0.jar:/Users/us-guest/.m2/repository/org/apache/maven/doxia/doxia-module-fml/1.0/doxia-module-fml-1.0.jar:/Users/us-guest/.m2/repository/org/apache/maven/doxia/doxia-module-xdoc/1.0/doxia-module-xdoc-1.0.jar:/Users/us-guest/.m2/repository/org/apache/maven/doxia/doxia-module-xhtml/1.0/doxia-module-xhtml-1.0.jar:/Users/us-guest/.m2/repository/org/apache/maven/shared/maven-doxia-tools/1.0.2/maven-doxia-tools-1.0.2.jar:/Users/us-guest/.m2/repository/junit/junit/4.13/junit-4.13.jar:/Users/us-guest/.m2/repository/org/hamcrest/hamcrest-core/1.3/hamcrest-core-1.3.jar:/Users/us-guest/.m2/repository/org/eclipse/jetty/jetty-server/9.3.9.v20160517/jetty-server-9.3.9.v20160517.jar:/Users/us-guest/.m2/repository/javax/servlet/javax.servlet-api/3.1.0/javax.servlet-api-3.1.0.jar:/Users/us-guest/.m2/repository/org/eclipse/jetty/jetty-http/9.3.9.v20160517/jetty-http-9.3.9.v20160517.jar:/Users/us-guest/.m2/repository/org/eclipse/jetty/jetty-util/9.3.9.v20160517/jetty-util-9.3.9.v20160517.jar:/Users/us-guest/.m2/repository/org/eclipse/jetty/jetty-io/9.3.9.v20160517/jetty-io-9.3.9.v20160517.jar:/Users/us-guest/.m2/repository/io/appium/java-client/7.2.0/java-client-7.2.0.jar:/Users/us-guest/.m2/repository/org/seleniumhq/selenium/selenium-support/3.141.59/selenium-support-3.141.59.jar:/Users/us-guest/.m2/repository/org/seleniumhq/selenium/selenium-api/3.141.59/selenium-api-3.141.59.jar:/Users/us-guest/.m2/repository/cglib/cglib/3.2.12/cglib-3.2.12.jar:/Users/us-guest/.m2/repository/org/ow2/asm/asm/7.1/asm-7.1.jar:/Users/us-guest/.m2/repository/commons-validator/commons-validator/1.6/commons-validator-1.6.jar:/Users/us-guest/.m2/repository/commons-beanutils/commons-beanutils/1.9.2/commons-beanutils-1.9.2.jar:/Users/us-guest/.m2/repository/commons-io/commons-io/2.6/commons-io-2.6.jar:/Users/us-guest/.m2/repository/org/springframework/spring-context/5.1.8.RELEASE/spring-context-5.1.8.RELEASE.jar:/Users/us-guest/.m2/repository/org/springframework/spring-aop/5.1.8.RELEASE/spring-aop-5.1.8.RELEASE.jar:/Users/us-guest/.m2/repository/org/springframework/spring-beans/5.1.8.RELEASE/spring-beans-5.1.8.RELEASE.jar:/Users/us-guest/.m2/repository/org/springframework/spring-core/5.1.8.RELEASE/spring-core-5.1.8.RELEASE.jar:/Users/us-guest/.m2/repository/org/springframework/spring-jcl/5.1.8.RELEASE/spring-jcl-5.1.8.RELEASE.jar:/Users/us-guest/.m2/repository/org/springframework/spring-expression/5.1.8.RELEASE/spring-expression-5.1.8.RELEASE.jar:/Users/us-guest/.m2/repository/org/aspectj/aspectjweaver/1.9.4/aspectjweaver-1.9.4.jar:/Users/us-guest/.m2/repository/org/slf4j/slf4j-api/1.7.26/slf4j-api-1.7.26.jar:/Users/us-guest/.m2/repository/org/seleniumhq/selenium/selenium-java/3.141.0/selenium-java-3.141.0.jar:/Users/us-guest/.m2/repository/org/seleniumhq/selenium/selenium-chrome-driver/3.141.0/selenium-chrome-driver-3.141.0.jar:/Users/us-guest/.m2/repository/org/seleniumhq/selenium/selenium-edge-driver/3.141.0/selenium-edge-driver-3.141.0.jar:/Users/us-guest/.m2/repository/org/seleniumhq/selenium/selenium-firefox-driver/3.141.0/selenium-firefox-driver-3.141.0.jar:/Users/us-guest/.m2/repository/org/seleniumhq/selenium/selenium-ie-driver/3.141.0/selenium-ie-driver-3.141.0.jar:/Users/us-guest/.m2/repository/org/seleniumhq/selenium/selenium-opera-driver/3.141.0/selenium-opera-driver-3.141.0.jar:/Users/us-guest/.m2/repository/org/seleniumhq/selenium/selenium-remote-driver/3.141.0/selenium-remote-driver-3.141.0.jar:/Users/us-guest/.m2/repository/org/seleniumhq/selenium/selenium-safari-driver/3.141.0/selenium-safari-driver-3.141.0.jar:/Users/us-guest/.m2/repository/net/bytebuddy/byte-buddy/1.8.15/byte-buddy-1.8.15.jar:/Users/us-guest/.m2/repository/org/apache/commons/commons-exec/1.3/commons-exec-1.3.jar:/Users/us-guest/.m2/repository/com/squareup/okhttp3/okhttp/3.11.0/okhttp-3.11.0.jar:/Users/us-guest/.m2/repository/com/squareup/okio/okio/1.14.0/okio-1.14.0.jar:/Users/us-guest/.m2/repository/org/seleniumhq/selenium/selenium-server/3.141.59/selenium-server-3.141.59.jar:/Users/us-guest/.m2/repository/com/beust/jcommander/1.72/jcommander-1.72.jar:/Users/us-guest/.m2/repository/net/jcip/jcip-annotations/1.0/jcip-annotations-1.0.jar:/Users/us-guest/.m2/repository/org/seleniumhq/selenium/jetty-repacked/9.4.12.v20180830/jetty-repacked-9.4.12.v20180830.jar:/Users/us-guest/.m2/repository/org/yaml/snakeyaml/1.19/snakeyaml-1.19.jar:/Users/us-guest/.m2/repository/org/testng/testng/7.0.0/testng-7.0.0.jar:/Users/us-guest/.m2/repository/info/cukes/cucumber-java/1.2.2/cucumber-java-1.2.2.jar:/Users/us-guest/.m2/repository/info/cukes/cucumber-testng/1.2.4/cucumber-testng-1.2.4.jar:/Users/us-guest/.m2/repository/info/cukes/cucumber-junit/1.2.4/cucumber-junit-1.2.4.jar:/Users/us-guest/.m2/repository/info/cukes/cucumber-core/1.2.4/cucumber-core-1.2.4.jar:/Users/us-guest/.m2/repository/info/cukes/cucumber-html/0.2.3/cucumber-html-0.2.3.jar:/Users/us-guest/.m2/repository/info/cukes/cucumber-jvm-deps/1.0.5/cucumber-jvm-deps-1.0.5.jar:/Users/us-guest/.m2/repository/org/hamcrest/hamcrest-all/1.3/hamcrest-all-1.3.jar:/Users/us-guest/.m2/repository/info/cukes/gherkin/2.12.2/gherkin-2.12.2.jar:/Users/us-guest/.m2/repository/commons-configuration/commons-configuration/1.3/commons-configuration-1.3.jar:/Users/us-guest/.m2/repository/commons-lang/commons-lang/2.1/commons-lang-2.1.jar:/Users/us-guest/.m2/repository/commons-logging/commons-logging-api/1.0.4/commons-logging-api-1.0.4.jar:/Users/us-guest/.m2/repository/commons-digester/commons-digester/1.6/commons-digester-1.6.jar:/Users/us-guest/.m2/repository/commons-beanutils/commons-beanutils-core/1.7.0/commons-beanutils-core-1.7.0.jar:/Users/us-guest/.m2/repository/commons-jxpath/commons-jxpath/1.2/commons-jxpath-1.2.jar:/Users/us-guest/.m2/repository/javax/servlet/servlet-api/2.2/servlet-api-2.2.jar:/Users/us-guest/.m2/repository/ant/ant-optional/1.5.1/ant-optional-1.5.1.jar:/Users/us-guest/.m2/repository/jdom/jdom/b9/jdom-b9.jar:/Users/us-guest/.m2/repository/xerces/xercesImpl/2.2.1/xercesImpl-2.2.1.jar:/Users/us-guest/.m2/repository/xalan/xalan/2.7.0/xalan-2.7.0.jar:/Users/us-guest/.m2/repository/commons-collections/commons-collections/3.2.1/commons-collections-3.2.1.jar:/Users/us-guest/.m2/repository/com/google/guava/guava/22.0/guava-22.0.jar:/Users/us-guest/.m2/repository/com/google/code/findbugs/jsr305/1.3.9/jsr305-1.3.9.jar:/Users/us-guest/.m2/repository/com/google/errorprone/error_prone_annotations/2.0.18/error_prone_annotations-2.0.18.jar:/Users/us-guest/.m2/repository/com/google/j2objc/j2objc-annotations/1.1/j2objc-annotations-1.1.jar:/Users/us-guest/.m2/repository/org/codehaus/mojo/animal-sniffer-annotations/1.14/animal-sniffer-annotations-1.14.jar:/Users/us-guest/.m2/repository/org/apache/poi/poi/3.14/poi-3.14.jar:/Users/us-guest/.m2/repository/org/apache/poi/poi-ooxml/3.14/poi-ooxml-3.14.jar:/Users/us-guest/.m2/repository/org/apache/poi/poi-ooxml-schemas/3.14/poi-ooxml-schemas-3.14.jar:/Users/us-guest/.m2/repository/org/apache/xmlbeans/xmlbeans/2.6.0/xmlbeans-2.6.0.jar:/Users/us-guest/.m2/repository/stax/stax-api/1.0.1/stax-api-1.0.1.jar:/Users/us-guest/.m2/repository/com/github/virtuald/curvesapi/1.03/curvesapi-1.03.jar:/Users/us-guest/.m2/repository/net/masterthought/cucumber-reporting/3.8.0/cucumber-reporting-3.8.0.jar:/Users/us-guest/.m2/repository/org/apache/logging/log4j/log4j-api/2.6/log4j-api-2.6.jar:/Users/us-guest/.m2/repository/org/apache/logging/log4j/log4j-core/2.6/log4j-core-2.6.jar:/Users/us-guest/.m2/repository/com/fasterxml/jackson/core/jackson-databind/2.8.5/jackson-databind-2.8.5.jar:/Users/us-guest/.m2/repository/com/fasterxml/jackson/core/jackson-annotations/2.8.0/jackson-annotations-2.8.0.jar:/Users/us-guest/.m2/repository/com/fasterxml/jackson/core/jackson-core/2.8.5/jackson-core-2.8.5.jar:/Users/us-guest/.m2/repository/org/apache/velocity/velocity/1.7/velocity-1.7.jar:/Users/us-guest/.m2/repository/velocity-tools/velocity-tools/1.4/velocity-tools-1.4.jar:/Users/us-guest/.m2/repository/net/lingala/zip4j/zip4j/1.3.2/zip4j-1.3.2.jar:/Users/us-guest/.m2/repository/org/jsoup/jsoup/1.10.1/jsoup-1.10.1.jar:/Users/us-guest/.m2/repository/com/googlecode/owasp-java-html-sanitizer/owasp-java-html-sanitizer/20160924.1/owasp-java-html-sanitizer-20160924.1.jar:/Users/us-guest/.m2/repository/com/github/lalyos/jfiglet/0.0.8/jfiglet-0.0.8.jar:/Users/us-guest/.m2/repository/info/cukes/cucumber-picocontainer/1.1.3/cucumber-picocontainer-1.1.3.jar:"/>
    <property name="sun.cpu.endian" value="little"/>
    <property name="user.home" value="/Users/us-guest"/>
    <property name="user.language" value="en"/>
    <property name="java.specification.vendor" value="Oracle Corporation"/>
    <property name="java.version.date" value="2019-07-16"/>
    <property name="java.home" value="/Library/Java/JavaVirtualMachines/jdk-12.0.2.jdk/Contents/Home"/>
    <property name="file.separator" value="/"/>
    <property name="basedir" value="/Users/us-guest/Documents/AdaptiveAutomationFramework"/>
    <property name="java.vm.compressedOopsMode" value="Zero based"/>
    <property name="line.separator" value="&#10;"/>
    <property name="java.specification.name" value="Java Platform API Specification"/>
    <property name="java.vm.specification.vendor" value="Oracle Corporation"/>
    <property name="java.awt.graphicsenv" value="sun.awt.CGraphicsEnvironment"/>
    <property name="surefire.real.class.path" value="/Users/us-guest/Documents/AdaptiveAutomationFramework/target/surefire/surefirebooter2599642167489412520.jar"/>
    <property name="sun.management.compiler" value="HotSpot 64-Bit Tiered Compilers"/>
    <property name="ftp.nonProxyHosts" value="local|*.local|169.254/16|*.169.254/16"/>
    <property name="java.runtime.version" value="12.0.2+10"/>
    <property name="user.name" value="us-guest"/>
    <property name="path.separator" value=":"/>
    <property name="os.version" value="10.14.6"/>
    <property name="java.runtime.name" value="Java(TM) SE Runtime Environment"/>
    <property name="file.encoding" value="UTF-8"/>
    <property name="java.vm.name" value="Java HotSpot(TM) 64-Bit Server VM"/>
    <property name="localRepository" value="/Users/us-guest/.m2/repository"/>
    <property name="java.vendor.url.bug" value="https://bugreport.java.com/bugreport/"/>
    <property name="java.io.tmpdir" value="/var/folders/pd/0s7ydq092j7b5d3cxjsd0k6c0000gn/T/"/>
    <property name="java.version" value="12.0.2"/>
    <property name="user.dir" value="/Users/us-guest/Documents/AdaptiveAutomationFramework"/>
    <property name="os.arch" value="x86_64"/>
    <property name="java.vm.specification.name" value="Java Virtual Machine Specification"/>
    <property name="java.library.path" value="/Users/us-guest/Library/Java/Extensions:/Library/Java/Extensions:/Network/Library/Java/Extensions:/System/Library/Java/Extensions:/usr/lib/java:."/>
    <property name="java.vm.info" value="mixed mode, sharing"/>
    <property name="java.vendor" value="Oracle Corporation"/>
    <property name="java.vm.version" value="12.0.2+10"/>
    <property name="sun.io.unicode.encoding" value="UnicodeBig"/>
    <property name="socksNonProxyHosts" value="local|*.local|169.254/16|*.169.254/16"/>
    <property name="java.class.version" value="56.0"/>
  </properties>
  <testcase name="testCukesRunner on testCukesRunner(cukesrunner.RunnerCukes)" classname="cukesrunner.RunnerCukes" time="291.362"/>
</testsuite>