<?xml version="1.0" encoding="UTF-8"?>
<testsuite xmlns:xsi="http://www.w3.org/2001/XMLSchema-instance" xsi:noNamespaceSchemaLocation="https://maven.apache.org/surefire/maven-surefire-plugin/xsd/surefire-test-report.xsd" name="cukesrunner.RunnerCukes" time="246.126" tests="1" errors="0" skipped="0" failures="0">
  <properties>
    <property name="sun.desktop" value="windows"/>
    <property name="awt.toolkit" value="sun.awt.windows.WToolkit"/>
    <property name="file.encoding.pkg" value="sun.io"/>
    <property name="java.specification.version" value="1.8"/>
    <property name="sun.cpu.isalist" value="amd64"/>
    <property name="sun.jnu.encoding" value="Cp1252"/>
    <property name="java.class.path" value="C:\Users\muralikrishnan_g\Parallel testing\AdaptiveAutomationFramework\target\test-classes;C:\Users\muralikrishnan_g\Parallel testing\AdaptiveAutomationFramework\target\classes;C:\Users\muralikrishnan_g\.m2\repository\com\vimalselvam\cucumber-extentsreport\3.0.0\cucumber-extentsreport-3.0.0.jar;C:\Users\muralikrishnan_g\.m2\repository\com\aventstack\extentreports\3.0.6\extentreports-3.0.6.jar;C:\Users\muralikrishnan_g\.m2\repository\org\freemarker\freemarker\2.3.23\freemarker-2.3.23.jar;C:\Users\muralikrishnan_g\.m2\repository\org\mongodb\mongodb-driver\3.3.0\mongodb-driver-3.3.0.jar;C:\Users\muralikrishnan_g\.m2\repository\org\mongodb\bson\3.3.0\bson-3.3.0.jar;C:\Users\muralikrishnan_g\.m2\repository\org\mongodb\mongodb-driver-core\3.3.0\mongodb-driver-core-3.3.0.jar;C:\Users\muralikrishnan_g\.m2\repository\org\apache\httpcomponents\httpclient\4.5.2\httpclient-4.5.2.jar;C:\Users\muralikrishnan_g\.m2\repository\org\apache\httpcomponents\httpmime\4.5.2\httpmime-4.5.2.jar;C:\Users\muralikrishnan_g\.m2\repository\org\jsoup\jsoup\1.9.2\jsoup-1.9.2.jar;C:\Users\muralikrishnan_g\.m2\repository\com\github\mkolisnyk\cucumber-reports\1.0.7\cucumber-reports-1.0.7.jar;C:\Users\muralikrishnan_g\.m2\repository\xml-apis\xml-apis\1.4.01\xml-apis-1.4.01.jar;C:\Users\muralikrishnan_g\.m2\repository\batik\batik-transcoder\1.6-1\batik-transcoder-1.6-1.jar;C:\Users\muralikrishnan_g\.m2\repository\batik\batik-bridge\1.6-1\batik-bridge-1.6-1.jar;C:\Users\muralikrishnan_g\.m2\repository\batik\batik-gvt\1.6-1\batik-gvt-1.6-1.jar;C:\Users\muralikrishnan_g\.m2\repository\batik\batik-awt-util\1.6-1\batik-awt-util-1.6-1.jar;C:\Users\muralikrishnan_g\.m2\repository\batik\batik-util\1.6-1\batik-util-1.6-1.jar;C:\Users\muralikrishnan_g\.m2\repository\batik\batik-gui-util\1.6-1\batik-gui-util-1.6-1.jar;C:\Users\muralikrishnan_g\.m2\repository\batik\batik-ext\1.6-1\batik-ext-1.6-1.jar;C:\Users\muralikrishnan_g\.m2\repository\xml-apis\xmlParserAPIs\2.0.2\xmlParserAPIs-2.0.2.jar;C:\Users\muralikrishnan_g\.m2\repository\batik\batik-script\1.6-1\batik-script-1.6-1.jar;C:\Users\muralikrishnan_g\.m2\repository\rhino\js\1.5R4.1\js-1.5R4.1.jar;C:\Users\muralikrishnan_g\.m2\repository\batik\batik-svg-dom\1.6-1\batik-svg-dom-1.6-1.jar;C:\Users\muralikrishnan_g\.m2\repository\batik\batik-dom\1.6-1\batik-dom-1.6-1.jar;C:\Users\muralikrishnan_g\.m2\repository\batik\batik-css\1.6-1\batik-css-1.6-1.jar;C:\Users\muralikrishnan_g\.m2\repository\batik\batik-xml\1.6-1\batik-xml-1.6-1.jar;C:\Users\muralikrishnan_g\.m2\repository\batik\batik-parser\1.6-1\batik-parser-1.6-1.jar;C:\Users\muralikrishnan_g\.m2\repository\com\itextpdf\itextpdf\5.5.8\itextpdf-5.5.8.jar;C:\Users\muralikrishnan_g\.m2\repository\com\cedarsoftware\json-io\2.2.31\json-io-2.2.31.jar;C:\Users\muralikrishnan_g\.m2\repository\org\xhtmlrenderer\flying-saucer-pdf\9.0.8\flying-saucer-pdf-9.0.8.jar;C:\Users\muralikrishnan_g\.m2\repository\com\lowagie\itext\2.1.7\itext-2.1.7.jar;C:\Users\muralikrishnan_g\.m2\repository\bouncycastle\bcmail-jdk14\138\bcmail-jdk14-138.jar;C:\Users\muralikrishnan_g\.m2\repository\bouncycastle\bcprov-jdk14\138\bcprov-jdk14-138.jar;C:\Users\muralikrishnan_g\.m2\repository\org\bouncycastle\bctsp-jdk14\1.38\bctsp-jdk14-1.38.jar;C:\Users\muralikrishnan_g\.m2\repository\org\xhtmlrenderer\flying-saucer-core\9.0.8\flying-saucer-core-9.0.8.jar;C:\Users\muralikrishnan_g\.m2\repository\org\apache\commons\commons-lang3\3.4\commons-lang3-3.4.jar;C:\Users\muralikrishnan_g\.m2\repository\commons-codec\commons-codec\1.10\commons-codec-1.10.jar;C:\Users\muralikrishnan_g\.m2\repository\org\javassist\javassist\3.20.0-GA\javassist-3.20.0-GA.jar;C:\Users\muralikrishnan_g\.m2\repository\joda-time\joda-time\2.9.1\joda-time-2.9.1.jar;C:\Users\muralikrishnan_g\.m2\repository\org\codehaus\plexus\plexus-utils\3.0.1\plexus-utils-3.0.1.jar;C:\Users\muralikrishnan_g\.m2\repository\org\apache\maven\maven-plugin-api\2.0\maven-plugin-api-2.0.jar;C:\Users\muralikrishnan_g\.m2\repository\org\apache\maven\reporting\maven-reporting-api\2.0.8\maven-reporting-api-2.0.8.jar;C:\Users\muralikrishnan_g\.m2\repository\org\apache\maven\doxia\doxia-sink-api\1.0-alpha-9\doxia-sink-api-1.0-alpha-9.jar;C:\Users\muralikrishnan_g\.m2\repository\org\apache\maven\reporting\maven-reporting-impl\2.0.4.3\maven-reporting-impl-2.0.4.3.jar;C:\Users\muralikrishnan_g\.m2\repository\org\apache\maven\maven-project\2.0.4\maven-project-2.0.4.jar;C:\Users\muralikrishnan_g\.m2\repository\org\apache\maven\maven-settings\2.0.4\maven-settings-2.0.4.jar;C:\Users\muralikrishnan_g\.m2\repository\org\apache\maven\maven-profile\2.0.4\maven-profile-2.0.4.jar;C:\Users\muralikrishnan_g\.m2\repository\org\apache\maven\maven-model\2.0.4\maven-model-2.0.4.jar;C:\Users\muralikrishnan_g\.m2\repository\org\apache\maven\maven-artifact-manager\2.0.4\maven-artifact-manager-2.0.4.jar;C:\Users\muralikrishnan_g\.m2\repository\org\apache\maven\maven-repository-metadata\2.0.4\maven-repository-metadata-2.0.4.jar;C:\Users\muralikrishnan_g\.m2\repository\org\apache\maven\wagon\wagon-provider-api\1.0-alpha-6\wagon-provider-api-1.0-alpha-6.jar;C:\Users\muralikrishnan_g\.m2\repository\org\apache\maven\maven-artifact\2.0.4\maven-artifact-2.0.4.jar;C:\Users\muralikrishnan_g\.m2\repository\org\codehaus\plexus\plexus-container-default\1.0-alpha-9\plexus-container-default-1.0-alpha-9.jar;C:\Users\muralikrishnan_g\.m2\repository\classworlds\classworlds\1.1-alpha-2\classworlds-1.1-alpha-2.jar;C:\Users\muralikrishnan_g\.m2\repository\org\apache\maven\doxia\doxia-core\1.0\doxia-core-1.0.jar;C:\Users\muralikrishnan_g\.m2\repository\org\apache\maven\doxia\doxia-site-renderer\1.0\doxia-site-renderer-1.0.jar;C:\Users\muralikrishnan_g\.m2\repository\org\codehaus\plexus\plexus-i18n\1.0-beta-7\plexus-i18n-1.0-beta-7.jar;C:\Users\muralikrishnan_g\.m2\repository\org\codehaus\plexus\plexus-velocity\1.1.7\plexus-velocity-1.1.7.jar;C:\Users\muralikrishnan_g\.m2\repository\org\apache\maven\doxia\doxia-decoration-model\1.0\doxia-decoration-model-1.0.jar;C:\Users\muralikrishnan_g\.m2\repository\org\apache\maven\doxia\doxia-module-apt\1.0\doxia-module-apt-1.0.jar;C:\Users\muralikrishnan_g\.m2\repository\org\apache\maven\doxia\doxia-module-fml\1.0\doxia-module-fml-1.0.jar;C:\Users\muralikrishnan_g\.m2\repository\org\apache\maven\doxia\doxia-module-xdoc\1.0\doxia-module-xdoc-1.0.jar;C:\Users\muralikrishnan_g\.m2\repository\org\apache\maven\doxia\doxia-module-xhtml\1.0\doxia-module-xhtml-1.0.jar;C:\Users\muralikrishnan_g\.m2\repository\org\apache\maven\shared\maven-doxia-tools\1.0.2\maven-doxia-tools-1.0.2.jar;C:\Users\muralikrishnan_g\.m2\repository\junit\junit\4.11\junit-4.11.jar;C:\Users\muralikrishnan_g\.m2\repository\org\hamcrest\hamcrest-core\1.3\hamcrest-core-1.3.jar;C:\Users\muralikrishnan_g\.m2\repository\io\appium\java-client\5.0.0\java-client-5.0.0.jar;C:\Users\muralikrishnan_g\.m2\repository\org\seleniumhq\selenium\selenium-support\3.5.2\selenium-support-3.5.2.jar;C:\Users\muralikrishnan_g\.m2\repository\org\seleniumhq\selenium\selenium-api\3.5.2\selenium-api-3.5.2.jar;C:\Users\muralikrishnan_g\.m2\repository\com\google\code\gson\gson\2.8.1\gson-2.8.1.jar;C:\Users\muralikrishnan_g\.m2\repository\cglib\cglib\3.2.5\cglib-3.2.5.jar;C:\Users\muralikrishnan_g\.m2\repository\org\ow2\asm\asm\5.2\asm-5.2.jar;C:\Users\muralikrishnan_g\.m2\repository\org\apache\ant\ant\1.9.6\ant-1.9.6.jar;C:\Users\muralikrishnan_g\.m2\repository\org\apache\ant\ant-launcher\1.9.6\ant-launcher-1.9.6.jar;C:\Users\muralikrishnan_g\.m2\repository\commons-validator\commons-validator\1.6\commons-validator-1.6.jar;C:\Users\muralikrishnan_g\.m2\repository\commons-beanutils\commons-beanutils\1.9.2\commons-beanutils-1.9.2.jar;C:\Users\muralikrishnan_g\.m2\repository\commons-io\commons-io\2.5\commons-io-2.5.jar;C:\Users\muralikrishnan_g\.m2\repository\org\springframework\spring-context\4.3.10.RELEASE\spring-context-4.3.10.RELEASE.jar;C:\Users\muralikrishnan_g\.m2\repository\org\springframework\spring-aop\4.3.10.RELEASE\spring-aop-4.3.10.RELEASE.jar;C:\Users\muralikrishnan_g\.m2\repository\org\springframework\spring-beans\4.3.10.RELEASE\spring-beans-4.3.10.RELEASE.jar;C:\Users\muralikrishnan_g\.m2\repository\org\springframework\spring-core\4.3.10.RELEASE\spring-core-4.3.10.RELEASE.jar;C:\Users\muralikrishnan_g\.m2\repository\org\springframework\spring-expression\4.3.10.RELEASE\spring-expression-4.3.10.RELEASE.jar;C:\Users\muralikrishnan_g\.m2\repository\org\aspectj\aspectjweaver\1.8.10\aspectjweaver-1.8.10.jar;C:\Users\muralikrishnan_g\.m2\repository\org\openpnp\opencv\3.2.0-1\opencv-3.2.0-1.jar;C:\Users\muralikrishnan_g\.m2\repository\org\seleniumhq\selenium\selenium-java\3.5.2\selenium-java-3.5.2.jar;C:\Users\muralikrishnan_g\.m2\repository\org\seleniumhq\selenium\selenium-chrome-driver\3.5.2\selenium-chrome-driver-3.5.2.jar;C:\Users\muralikrishnan_g\.m2\repository\org\seleniumhq\selenium\selenium-edge-driver\3.5.2\selenium-edge-driver-3.5.2.jar;C:\Users\muralikrishnan_g\.m2\repository\org\seleniumhq\selenium\selenium-firefox-driver\3.5.2\selenium-firefox-driver-3.5.2.jar;C:\Users\muralikrishnan_g\.m2\repository\org\seleniumhq\selenium\selenium-ie-driver\3.5.2\selenium-ie-driver-3.5.2.jar;C:\Users\muralikrishnan_g\.m2\repository\org\seleniumhq\selenium\selenium-opera-driver\3.5.2\selenium-opera-driver-3.5.2.jar;C:\Users\muralikrishnan_g\.m2\repository\org\seleniumhq\selenium\selenium-remote-driver\3.5.2\selenium-remote-driver-3.5.2.jar;C:\Users\muralikrishnan_g\.m2\repository\org\seleniumhq\selenium\selenium-safari-driver\3.5.2\selenium-safari-driver-3.5.2.jar;C:\Users\muralikrishnan_g\.m2\repository\cglib\cglib-nodep\3.2.4\cglib-nodep-3.2.4.jar;C:\Users\muralikrishnan_g\.m2\repository\org\apache\commons\commons-exec\1.3\commons-exec-1.3.jar;C:\Users\muralikrishnan_g\.m2\repository\commons-logging\commons-logging\1.2\commons-logging-1.2.jar;C:\Users\muralikrishnan_g\.m2\repository\org\w3c\css\sac\1.3\sac-1.3.jar;C:\Users\muralikrishnan_g\.m2\repository\net\sourceforge\cssparser\cssparser\0.9.23\cssparser-0.9.23.jar;C:\Users\muralikrishnan_g\.m2\repository\net\sourceforge\htmlunit\htmlunit\2.27\htmlunit-2.27.jar;C:\Users\muralikrishnan_g\.m2\repository\net\sourceforge\htmlunit\htmlunit-core-js\2.27\htmlunit-core-js-2.27.jar;C:\Users\muralikrishnan_g\.m2\repository\net\sourceforge\htmlunit\neko-htmlunit\2.27\neko-htmlunit-2.27.jar;C:\Users\muralikrishnan_g\.m2\repository\org\apache\httpcomponents\httpcore\4.4.6\httpcore-4.4.6.jar;C:\Users\muralikrishnan_g\.m2\repository\org\eclipse\jetty\jetty-client\9.4.5.v20170502\jetty-client-9.4.5.v20170502.jar;C:\Users\muralikrishnan_g\.m2\repository\org\eclipse\jetty\jetty-http\9.4.5.v20170502\jetty-http-9.4.5.v20170502.jar;C:\Users\muralikrishnan_g\.m2\repository\org\eclipse\jetty\jetty-io\9.4.5.v20170502\jetty-io-9.4.5.v20170502.jar;C:\Users\muralikrishnan_g\.m2\repository\org\eclipse\jetty\jetty-util\9.4.5.v20170502\jetty-util-9.4.5.v20170502.jar;C:\Users\muralikrishnan_g\.m2\repository\net\java\dev\jna\jna\4.1.0\jna-4.1.0.jar;C:\Users\muralikrishnan_g\.m2\repository\net\java\dev\jna\jna-platform\4.1.0\jna-platform-4.1.0.jar;C:\Users\muralikrishnan_g\.m2\repository\com\codeborne\phantomjsdriver\1.4.0\phantomjsdriver-1.4.0.jar;C:\Users\muralikrishnan_g\.m2\repository\org\seleniumhq\selenium\htmlunit-driver\2.27\htmlunit-driver-2.27.jar;C:\Users\muralikrishnan_g\.m2\repository\javax\servlet\javax.servlet-api\3.1.0\javax.servlet-api-3.1.0.jar;C:\Users\muralikrishnan_g\.m2\repository\org\eclipse\jetty\websocket\websocket-api\9.4.5.v20170502\websocket-api-9.4.5.v20170502.jar;C:\Users\muralikrishnan_g\.m2\repository\org\eclipse\jetty\websocket\websocket-client\9.4.5.v20170502\websocket-client-9.4.5.v20170502.jar;C:\Users\muralikrishnan_g\.m2\repository\org\eclipse\jetty\websocket\websocket-common\9.4.5.v20170502\websocket-common-9.4.5.v20170502.jar;C:\Users\muralikrishnan_g\.m2\repository\xalan\serializer\2.7.2\serializer-2.7.2.jar;C:\Users\muralikrishnan_g\.m2\repository\xalan\xalan\2.7.2\xalan-2.7.2.jar;C:\Users\muralikrishnan_g\.m2\repository\xerces\xercesImpl\2.11.0\xercesImpl-2.11.0.jar;C:\Users\muralikrishnan_g\.m2\repository\org\seleniumhq\selenium\selenium-server\3.5.2\selenium-server-3.5.2.jar;C:\Users\muralikrishnan_g\.m2\repository\com\beust\jcommander\1.48\jcommander-1.48.jar;C:\Users\muralikrishnan_g\.m2\repository\net\jcip\jcip-annotations\1.0\jcip-annotations-1.0.jar;C:\Users\muralikrishnan_g\.m2\repository\org\seleniumhq\selenium\jetty-repacked\9.4.5.v20170502\jetty-repacked-9.4.5.v20170502.jar;C:\Users\muralikrishnan_g\.m2\repository\org\yaml\snakeyaml\1.15\snakeyaml-1.15.jar;C:\Users\muralikrishnan_g\.m2\repository\org\testng\testng\6.8\testng-6.8.jar;C:\Users\muralikrishnan_g\.m2\repository\org\beanshell\bsh\2.0b4\bsh-2.0b4.jar;C:\Users\muralikrishnan_g\.m2\repository\info\cukes\cucumber-java\1.2.2\cucumber-java-1.2.2.jar;C:\Users\muralikrishnan_g\.m2\repository\info\cukes\cucumber-testng\1.2.4\cucumber-testng-1.2.4.jar;C:\Users\muralikrishnan_g\.m2\repository\info\cukes\cucumber-junit\1.2.4\cucumber-junit-1.2.4.jar;C:\Users\muralikrishnan_g\.m2\repository\info\cukes\cucumber-core\1.2.4\cucumber-core-1.2.4.jar;C:\Users\muralikrishnan_g\.m2\repository\info\cukes\cucumber-html\0.2.3\cucumber-html-0.2.3.jar;C:\Users\muralikrishnan_g\.m2\repository\info\cukes\cucumber-jvm-deps\1.0.5\cucumber-jvm-deps-1.0.5.jar;C:\Users\muralikrishnan_g\.m2\repository\org\hamcrest\hamcrest-all\1.3\hamcrest-all-1.3.jar;C:\Users\muralikrishnan_g\.m2\repository\info\cukes\gherkin\2.12.2\gherkin-2.12.2.jar;C:\Users\muralikrishnan_g\.m2\repository\commons-configuration\commons-configuration\1.3\commons-configuration-1.3.jar;C:\Users\muralikrishnan_g\.m2\repository\commons-lang\commons-lang\2.1\commons-lang-2.1.jar;C:\Users\muralikrishnan_g\.m2\repository\commons-logging\commons-logging-api\1.0.4\commons-logging-api-1.0.4.jar;C:\Users\muralikrishnan_g\.m2\repository\commons-digester\commons-digester\1.6\commons-digester-1.6.jar;C:\Users\muralikrishnan_g\.m2\repository\commons-beanutils\commons-beanutils-core\1.7.0\commons-beanutils-core-1.7.0.jar;C:\Users\muralikrishnan_g\.m2\repository\commons-jxpath\commons-jxpath\1.2\commons-jxpath-1.2.jar;C:\Users\muralikrishnan_g\.m2\repository\javax\servlet\servlet-api\2.2\servlet-api-2.2.jar;C:\Users\muralikrishnan_g\.m2\repository\ant\ant-optional\1.5.1\ant-optional-1.5.1.jar;C:\Users\muralikrishnan_g\.m2\repository\jdom\jdom\b9\jdom-b9.jar;C:\Users\muralikrishnan_g\.m2\repository\commons-collections\commons-collections\3.2.1\commons-collections-3.2.1.jar;C:\Users\muralikrishnan_g\.m2\repository\com\google\guava\guava\22.0\guava-22.0.jar;C:\Users\muralikrishnan_g\.m2\repository\com\google\code\findbugs\jsr305\1.3.9\jsr305-1.3.9.jar;C:\Users\muralikrishnan_g\.m2\repository\com\google\errorprone\error_prone_annotations\2.0.18\error_prone_annotations-2.0.18.jar;C:\Users\muralikrishnan_g\.m2\repository\com\google\j2objc\j2objc-annotations\1.1\j2objc-annotations-1.1.jar;C:\Users\muralikrishnan_g\.m2\repository\org\codehaus\mojo\animal-sniffer-annotations\1.14\animal-sniffer-annotations-1.14.jar;C:\Users\muralikrishnan_g\.m2\repository\org\apache\poi\poi\3.14\poi-3.14.jar;C:\Users\muralikrishnan_g\.m2\repository\org\apache\poi\poi-ooxml\3.14\poi-ooxml-3.14.jar;C:\Users\muralikrishnan_g\.m2\repository\org\apache\poi\poi-ooxml-schemas\3.14\poi-ooxml-schemas-3.14.jar;C:\Users\muralikrishnan_g\.m2\repository\org\apache\xmlbeans\xmlbeans\2.6.0\xmlbeans-2.6.0.jar;C:\Users\muralikrishnan_g\.m2\repository\stax\stax-api\1.0.1\stax-api-1.0.1.jar;C:\Users\muralikrishnan_g\.m2\repository\com\github\virtuald\curvesapi\1.03\curvesapi-1.03.jar;C:\Users\muralikrishnan_g\.m2\repository\net\masterthought\cucumber-reporting\3.8.0\cucumber-reporting-3.8.0.jar;C:\Users\muralikrishnan_g\.m2\repository\org\apache\logging\log4j\log4j-api\2.6\log4j-api-2.6.jar;C:\Users\muralikrishnan_g\.m2\repository\org\apache\logging\log4j\log4j-core\2.6\log4j-core-2.6.jar;C:\Users\muralikrishnan_g\.m2\repository\com\fasterxml\jackson\core\jackson-databind\2.8.5\jackson-databind-2.8.5.jar;C:\Users\muralikrishnan_g\.m2\repository\com\fasterxml\jackson\core\jackson-annotations\2.8.0\jackson-annotations-2.8.0.jar;C:\Users\muralikrishnan_g\.m2\repository\com\fasterxml\jackson\core\jackson-core\2.8.5\jackson-core-2.8.5.jar;C:\Users\muralikrishnan_g\.m2\repository\org\apache\velocity\velocity\1.7\velocity-1.7.jar;C:\Users\muralikrishnan_g\.m2\repository\velocity-tools\velocity-tools\1.4\velocity-tools-1.4.jar;C:\Users\muralikrishnan_g\.m2\repository\net\lingala\zip4j\zip4j\1.3.2\zip4j-1.3.2.jar;C:\Users\muralikrishnan_g\.m2\repository\com\googlecode\owasp-java-html-sanitizer\owasp-java-html-sanitizer\20160924.1\owasp-java-html-sanitizer-20160924.1.jar;C:\Users\muralikrishnan_g\.m2\repository\com\github\lalyos\jfiglet\0.0.8\jfiglet-0.0.8.jar;C:\Users\muralikrishnan_g\.m2\repository\info\cukes\cucumber-picocontainer\1.1.3\cucumber-picocontainer-1.1.3.jar;C:\Users\muralikrishnan_g\.m2\repository\org\apache\maven\surefire\surefire-testng-utils\2.20.1\surefire-testng-utils-2.20.1.jar;C:\Users\muralikrishnan_g\.m2\repository\org\apache\maven\surefire\surefire-grouper\2.20.1\surefire-grouper-2.20.1.jar;"/>
    <property name="java.vm.vendor" value="Oracle Corporation"/>
    <property name="sun.arch.data.model" value="64"/>
    <property name="user.variant" value=""/>
    <property name="java.vendor.url" value="http://java.oracle.com/"/>
    <property name="user.timezone" value=""/>
    <property name="java.vm.specification.version" value="1.8"/>
    <property name="os.name" value="Windows 8.1"/>
    <property name="user.country" value="US"/>
    <property name="sun.java.launcher" value="SUN_STANDARD"/>
    <property name="sun.boot.library.path" value="C:\Program Files\Java\jdk1.8.0_152\jre\bin"/>
    <property name="sun.java.command" value="C:\Users\MURALI~1\AppData\Local\Temp\surefire5043102341809155182\surefirebooter6774804741551515198.jar C:\Users\muralikrishnan_g\AppData\Local\Temp\surefire5043102341809155182 2017-12-07T22-44-09_208-jvmRun1 surefire1985469640940743169tmp surefire_06540803460592154835tmp"/>
    <property name="surefire.test.class.path" value="C:\Users\muralikrishnan_g\Parallel testing\AdaptiveAutomationFramework\target\test-classes;C:\Users\muralikrishnan_g\Parallel testing\AdaptiveAutomationFramework\target\classes;C:\Users\muralikrishnan_g\.m2\repository\com\vimalselvam\cucumber-extentsreport\3.0.0\cucumber-extentsreport-3.0.0.jar;C:\Users\muralikrishnan_g\.m2\repository\com\aventstack\extentreports\3.0.6\extentreports-3.0.6.jar;C:\Users\muralikrishnan_g\.m2\repository\org\freemarker\freemarker\2.3.23\freemarker-2.3.23.jar;C:\Users\muralikrishnan_g\.m2\repository\org\mongodb\mongodb-driver\3.3.0\mongodb-driver-3.3.0.jar;C:\Users\muralikrishnan_g\.m2\repository\org\mongodb\bson\3.3.0\bson-3.3.0.jar;C:\Users\muralikrishnan_g\.m2\repository\org\mongodb\mongodb-driver-core\3.3.0\mongodb-driver-core-3.3.0.jar;C:\Users\muralikrishnan_g\.m2\repository\org\apache\httpcomponents\httpclient\4.5.2\httpclient-4.5.2.jar;C:\Users\muralikrishnan_g\.m2\repository\org\apache\httpcomponents\httpmime\4.5.2\httpmime-4.5.2.jar;C:\Users\muralikrishnan_g\.m2\repository\org\jsoup\jsoup\1.9.2\jsoup-1.9.2.jar;C:\Users\muralikrishnan_g\.m2\repository\com\github\mkolisnyk\cucumber-reports\1.0.7\cucumber-reports-1.0.7.jar;C:\Users\muralikrishnan_g\.m2\repository\xml-apis\xml-apis\1.4.01\xml-apis-1.4.01.jar;C:\Users\muralikrishnan_g\.m2\repository\batik\batik-transcoder\1.6-1\batik-transcoder-1.6-1.jar;C:\Users\muralikrishnan_g\.m2\repository\batik\batik-bridge\1.6-1\batik-bridge-1.6-1.jar;C:\Users\muralikrishnan_g\.m2\repository\batik\batik-gvt\1.6-1\batik-gvt-1.6-1.jar;C:\Users\muralikrishnan_g\.m2\repository\batik\batik-awt-util\1.6-1\batik-awt-util-1.6-1.jar;C:\Users\muralikrishnan_g\.m2\repository\batik\batik-util\1.6-1\batik-util-1.6-1.jar;C:\Users\muralikrishnan_g\.m2\repository\batik\batik-gui-util\1.6-1\batik-gui-util-1.6-1.jar;C:\Users\muralikrishnan_g\.m2\repository\batik\batik-ext\1.6-1\batik-ext-1.6-1.jar;C:\Users\muralikrishnan_g\.m2\repository\xml-apis\xmlParserAPIs\2.0.2\xmlParserAPIs-2.0.2.jar;C:\Users\muralikrishnan_g\.m2\repository\batik\batik-script\1.6-1\batik-script-1.6-1.jar;C:\Users\muralikrishnan_g\.m2\repository\rhino\js\1.5R4.1\js-1.5R4.1.jar;C:\Users\muralikrishnan_g\.m2\repository\batik\batik-svg-dom\1.6-1\batik-svg-dom-1.6-1.jar;C:\Users\muralikrishnan_g\.m2\repository\batik\batik-dom\1.6-1\batik-dom-1.6-1.jar;C:\Users\muralikrishnan_g\.m2\repository\batik\batik-css\1.6-1\batik-css-1.6-1.jar;C:\Users\muralikrishnan_g\.m2\repository\batik\batik-xml\1.6-1\batik-xml-1.6-1.jar;C:\Users\muralikrishnan_g\.m2\repository\batik\batik-parser\1.6-1\batik-parser-1.6-1.jar;C:\Users\muralikrishnan_g\.m2\repository\com\itextpdf\itextpdf\5.5.8\itextpdf-5.5.8.jar;C:\Users\muralikrishnan_g\.m2\repository\com\cedarsoftware\json-io\2.2.31\json-io-2.2.31.jar;C:\Users\muralikrishnan_g\.m2\repository\org\xhtmlrenderer\flying-saucer-pdf\9.0.8\flying-saucer-pdf-9.0.8.jar;C:\Users\muralikrishnan_g\.m2\repository\com\lowagie\itext\2.1.7\itext-2.1.7.jar;C:\Users\muralikrishnan_g\.m2\repository\bouncycastle\bcmail-jdk14\138\bcmail-jdk14-138.jar;C:\Users\muralikrishnan_g\.m2\repository\bouncycastle\bcprov-jdk14\138\bcprov-jdk14-138.jar;C:\Users\muralikrishnan_g\.m2\repository\org\bouncycastle\bctsp-jdk14\1.38\bctsp-jdk14-1.38.jar;C:\Users\muralikrishnan_g\.m2\repository\org\xhtmlrenderer\flying-saucer-core\9.0.8\flying-saucer-core-9.0.8.jar;C:\Users\muralikrishnan_g\.m2\repository\org\apache\commons\commons-lang3\3.4\commons-lang3-3.4.jar;C:\Users\muralikrishnan_g\.m2\repository\commons-codec\commons-codec\1.10\commons-codec-1.10.jar;C:\Users\muralikrishnan_g\.m2\repository\org\javassist\javassist\3.20.0-GA\javassist-3.20.0-GA.jar;C:\Users\muralikrishnan_g\.m2\repository\joda-time\joda-time\2.9.1\joda-time-2.9.1.jar;C:\Users\muralikrishnan_g\.m2\repository\org\codehaus\plexus\plexus-utils\3.0.1\plexus-utils-3.0.1.jar;C:\Users\muralikrishnan_g\.m2\repository\org\apache\maven\maven-plugin-api\2.0\maven-plugin-api-2.0.jar;C:\Users\muralikrishnan_g\.m2\repository\org\apache\maven\reporting\maven-reporting-api\2.0.8\maven-reporting-api-2.0.8.jar;C:\Users\muralikrishnan_g\.m2\repository\org\apache\maven\doxia\doxia-sink-api\1.0-alpha-9\doxia-sink-api-1.0-alpha-9.jar;C:\Users\muralikrishnan_g\.m2\repository\org\apache\maven\reporting\maven-reporting-impl\2.0.4.3\maven-reporting-impl-2.0.4.3.jar;C:\Users\muralikrishnan_g\.m2\repository\org\apache\maven\maven-project\2.0.4\maven-project-2.0.4.jar;C:\Users\muralikrishnan_g\.m2\repository\org\apache\maven\maven-settings\2.0.4\maven-settings-2.0.4.jar;C:\Users\muralikrishnan_g\.m2\repository\org\apache\maven\maven-profile\2.0.4\maven-profile-2.0.4.jar;C:\Users\muralikrishnan_g\.m2\repository\org\apache\maven\maven-model\2.0.4\maven-model-2.0.4.jar;C:\Users\muralikrishnan_g\.m2\repository\org\apache\maven\maven-artifact-manager\2.0.4\maven-artifact-manager-2.0.4.jar;C:\Users\muralikrishnan_g\.m2\repository\org\apache\maven\maven-repository-metadata\2.0.4\maven-repository-metadata-2.0.4.jar;C:\Users\muralikrishnan_g\.m2\repository\org\apache\maven\wagon\wagon-provider-api\1.0-alpha-6\wagon-provider-api-1.0-alpha-6.jar;C:\Users\muralikrishnan_g\.m2\repository\org\apache\maven\maven-artifact\2.0.4\maven-artifact-2.0.4.jar;C:\Users\muralikrishnan_g\.m2\repository\org\codehaus\plexus\plexus-container-default\1.0-alpha-9\plexus-container-default-1.0-alpha-9.jar;C:\Users\muralikrishnan_g\.m2\repository\classworlds\classworlds\1.1-alpha-2\classworlds-1.1-alpha-2.jar;C:\Users\muralikrishnan_g\.m2\repository\org\apache\maven\doxia\doxia-core\1.0\doxia-core-1.0.jar;C:\Users\muralikrishnan_g\.m2\repository\org\apache\maven\doxia\doxia-site-renderer\1.0\doxia-site-renderer-1.0.jar;C:\Users\muralikrishnan_g\.m2\repository\org\codehaus\plexus\plexus-i18n\1.0-beta-7\plexus-i18n-1.0-beta-7.jar;C:\Users\muralikrishnan_g\.m2\repository\org\codehaus\plexus\plexus-velocity\1.1.7\plexus-velocity-1.1.7.jar;C:\Users\muralikrishnan_g\.m2\repository\org\apache\maven\doxia\doxia-decoration-model\1.0\doxia-decoration-model-1.0.jar;C:\Users\muralikrishnan_g\.m2\repository\org\apache\maven\doxia\doxia-module-apt\1.0\doxia-module-apt-1.0.jar;C:\Users\muralikrishnan_g\.m2\repository\org\apache\maven\doxia\doxia-module-fml\1.0\doxia-module-fml-1.0.jar;C:\Users\muralikrishnan_g\.m2\repository\org\apache\maven\doxia\doxia-module-xdoc\1.0\doxia-module-xdoc-1.0.jar;C:\Users\muralikrishnan_g\.m2\repository\org\apache\maven\doxia\doxia-module-xhtml\1.0\doxia-module-xhtml-1.0.jar;C:\Users\muralikrishnan_g\.m2\repository\org\apache\maven\shared\maven-doxia-tools\1.0.2\maven-doxia-tools-1.0.2.jar;C:\Users\muralikrishnan_g\.m2\repository\junit\junit\4.11\junit-4.11.jar;C:\Users\muralikrishnan_g\.m2\repository\org\hamcrest\hamcrest-core\1.3\hamcrest-core-1.3.jar;C:\Users\muralikrishnan_g\.m2\repository\io\appium\java-client\5.0.0\java-client-5.0.0.jar;C:\Users\muralikrishnan_g\.m2\repository\org\seleniumhq\selenium\selenium-support\3.5.2\selenium-support-3.5.2.jar;C:\Users\muralikrishnan_g\.m2\repository\org\seleniumhq\selenium\selenium-api\3.5.2\selenium-api-3.5.2.jar;C:\Users\muralikrishnan_g\.m2\repository\com\google\code\gson\gson\2.8.1\gson-2.8.1.jar;C:\Users\muralikrishnan_g\.m2\repository\cglib\cglib\3.2.5\cglib-3.2.5.jar;C:\Users\muralikrishnan_g\.m2\repository\org\ow2\asm\asm\5.2\asm-5.2.jar;C:\Users\muralikrishnan_g\.m2\repository\org\apache\ant\ant\1.9.6\ant-1.9.6.jar;C:\Users\muralikrishnan_g\.m2\repository\org\apache\ant\ant-launcher\1.9.6\ant-launcher-1.9.6.jar;C:\Users\muralikrishnan_g\.m2\repository\commons-validator\commons-validator\1.6\commons-validator-1.6.jar;C:\Users\muralikrishnan_g\.m2\repository\commons-beanutils\commons-beanutils\1.9.2\commons-beanutils-1.9.2.jar;C:\Users\muralikrishnan_g\.m2\repository\commons-io\commons-io\2.5\commons-io-2.5.jar;C:\Users\muralikrishnan_g\.m2\repository\org\springframework\spring-context\4.3.10.RELEASE\spring-context-4.3.10.RELEASE.jar;C:\Users\muralikrishnan_g\.m2\repository\org\springframework\spring-aop\4.3.10.RELEASE\spring-aop-4.3.10.RELEASE.jar;C:\Users\muralikrishnan_g\.m2\repository\org\springframework\spring-beans\4.3.10.RELEASE\spring-beans-4.3.10.RELEASE.jar;C:\Users\muralikrishnan_g\.m2\repository\org\springframework\spring-core\4.3.10.RELEASE\spring-core-4.3.10.RELEASE.jar;C:\Users\muralikrishnan_g\.m2\repository\org\springframework\spring-expression\4.3.10.RELEASE\spring-expression-4.3.10.RELEASE.jar;C:\Users\muralikrishnan_g\.m2\repository\org\aspectj\aspectjweaver\1.8.10\aspectjweaver-1.8.10.jar;C:\Users\muralikrishnan_g\.m2\repository\org\openpnp\opencv\3.2.0-1\opencv-3.2.0-1.jar;C:\Users\muralikrishnan_g\.m2\repository\org\seleniumhq\selenium\selenium-java\3.5.2\selenium-java-3.5.2.jar;C:\Users\muralikrishnan_g\.m2\repository\org\seleniumhq\selenium\selenium-chrome-driver\3.5.2\selenium-chrome-driver-3.5.2.jar;C:\Users\muralikrishnan_g\.m2\repository\org\seleniumhq\selenium\selenium-edge-driver\3.5.2\selenium-edge-driver-3.5.2.jar;C:\Users\muralikrishnan_g\.m2\repository\org\seleniumhq\selenium\selenium-firefox-driver\3.5.2\selenium-firefox-driver-3.5.2.jar;C:\Users\muralikrishnan_g\.m2\repository\org\seleniumhq\selenium\selenium-ie-driver\3.5.2\selenium-ie-driver-3.5.2.jar;C:\Users\muralikrishnan_g\.m2\repository\org\seleniumhq\selenium\selenium-opera-driver\3.5.2\selenium-opera-driver-3.5.2.jar;C:\Users\muralikrishnan_g\.m2\repository\org\seleniumhq\selenium\selenium-remote-driver\3.5.2\selenium-remote-driver-3.5.2.jar;C:\Users\muralikrishnan_g\.m2\repository\org\seleniumhq\selenium\selenium-safari-driver\3.5.2\selenium-safari-driver-3.5.2.jar;C:\Users\muralikrishnan_g\.m2\repository\cglib\cglib-nodep\3.2.4\cglib-nodep-3.2.4.jar;C:\Users\muralikrishnan_g\.m2\repository\org\apache\commons\commons-exec\1.3\commons-exec-1.3.jar;C:\Users\muralikrishnan_g\.m2\repository\commons-logging\commons-logging\1.2\commons-logging-1.2.jar;C:\Users\muralikrishnan_g\.m2\repository\org\w3c\css\sac\1.3\sac-1.3.jar;C:\Users\muralikrishnan_g\.m2\repository\net\sourceforge\cssparser\cssparser\0.9.23\cssparser-0.9.23.jar;C:\Users\muralikrishnan_g\.m2\repository\net\sourceforge\htmlunit\htmlunit\2.27\htmlunit-2.27.jar;C:\Users\muralikrishnan_g\.m2\repository\net\sourceforge\htmlunit\htmlunit-core-js\2.27\htmlunit-core-js-2.27.jar;C:\Users\muralikrishnan_g\.m2\repository\net\sourceforge\htmlunit\neko-htmlunit\2.27\neko-htmlunit-2.27.jar;C:\Users\muralikrishnan_g\.m2\repository\org\apache\httpcomponents\httpcore\4.4.6\httpcore-4.4.6.jar;C:\Users\muralikrishnan_g\.m2\repository\org\eclipse\jetty\jetty-client\9.4.5.v20170502\jetty-client-9.4.5.v20170502.jar;C:\Users\muralikrishnan_g\.m2\repository\org\eclipse\jetty\jetty-http\9.4.5.v20170502\jetty-http-9.4.5.v20170502.jar;C:\Users\muralikrishnan_g\.m2\repository\org\eclipse\jetty\jetty-io\9.4.5.v20170502\jetty-io-9.4.5.v20170502.jar;C:\Users\muralikrishnan_g\.m2\repository\org\eclipse\jetty\jetty-util\9.4.5.v20170502\jetty-util-9.4.5.v20170502.jar;C:\Users\muralikrishnan_g\.m2\repository\net\java\dev\jna\jna\4.1.0\jna-4.1.0.jar;C:\Users\muralikrishnan_g\.m2\repository\net\java\dev\jna\jna-platform\4.1.0\jna-platform-4.1.0.jar;C:\Users\muralikrishnan_g\.m2\repository\com\codeborne\phantomjsdriver\1.4.0\phantomjsdriver-1.4.0.jar;C:\Users\muralikrishnan_g\.m2\repository\org\seleniumhq\selenium\htmlunit-driver\2.27\htmlunit-driver-2.27.jar;C:\Users\muralikrishnan_g\.m2\repository\javax\servlet\javax.servlet-api\3.1.0\javax.servlet-api-3.1.0.jar;C:\Users\muralikrishnan_g\.m2\repository\org\eclipse\jetty\websocket\websocket-api\9.4.5.v20170502\websocket-api-9.4.5.v20170502.jar;C:\Users\muralikrishnan_g\.m2\repository\org\eclipse\jetty\websocket\websocket-client\9.4.5.v20170502\websocket-client-9.4.5.v20170502.jar;C:\Users\muralikrishnan_g\.m2\repository\org\eclipse\jetty\websocket\websocket-common\9.4.5.v20170502\websocket-common-9.4.5.v20170502.jar;C:\Users\muralikrishnan_g\.m2\repository\xalan\serializer\2.7.2\serializer-2.7.2.jar;C:\Users\muralikrishnan_g\.m2\repository\xalan\xalan\2.7.2\xalan-2.7.2.jar;C:\Users\muralikrishnan_g\.m2\repository\xerces\xercesImpl\2.11.0\xercesImpl-2.11.0.jar;C:\Users\muralikrishnan_g\.m2\repository\org\seleniumhq\selenium\selenium-server\3.5.2\selenium-server-3.5.2.jar;C:\Users\muralikrishnan_g\.m2\repository\com\beust\jcommander\1.48\jcommander-1.48.jar;C:\Users\muralikrishnan_g\.m2\repository\net\jcip\jcip-annotations\1.0\jcip-annotations-1.0.jar;C:\Users\muralikrishnan_g\.m2\repository\org\seleniumhq\selenium\jetty-repacked\9.4.5.v20170502\jetty-repacked-9.4.5.v20170502.jar;C:\Users\muralikrishnan_g\.m2\repository\org\yaml\snakeyaml\1.15\snakeyaml-1.15.jar;C:\Users\muralikrishnan_g\.m2\repository\org\testng\testng\6.8\testng-6.8.jar;C:\Users\muralikrishnan_g\.m2\repository\org\beanshell\bsh\2.0b4\bsh-2.0b4.jar;C:\Users\muralikrishnan_g\.m2\repository\info\cukes\cucumber-java\1.2.2\cucumber-java-1.2.2.jar;C:\Users\muralikrishnan_g\.m2\repository\info\cukes\cucumber-testng\1.2.4\cucumber-testng-1.2.4.jar;C:\Users\muralikrishnan_g\.m2\repository\info\cukes\cucumber-junit\1.2.4\cucumber-junit-1.2.4.jar;C:\Users\muralikrishnan_g\.m2\repository\info\cukes\cucumber-core\1.2.4\cucumber-core-1.2.4.jar;C:\Users\muralikrishnan_g\.m2\repository\info\cukes\cucumber-html\0.2.3\cucumber-html-0.2.3.jar;C:\Users\muralikrishnan_g\.m2\repository\info\cukes\cucumber-jvm-deps\1.0.5\cucumber-jvm-deps-1.0.5.jar;C:\Users\muralikrishnan_g\.m2\repository\org\hamcrest\hamcrest-all\1.3\hamcrest-all-1.3.jar;C:\Users\muralikrishnan_g\.m2\repository\info\cukes\gherkin\2.12.2\gherkin-2.12.2.jar;C:\Users\muralikrishnan_g\.m2\repository\commons-configuration\commons-configuration\1.3\commons-configuration-1.3.jar;C:\Users\muralikrishnan_g\.m2\repository\commons-lang\commons-lang\2.1\commons-lang-2.1.jar;C:\Users\muralikrishnan_g\.m2\repository\commons-logging\commons-logging-api\1.0.4\commons-logging-api-1.0.4.jar;C:\Users\muralikrishnan_g\.m2\repository\commons-digester\commons-digester\1.6\commons-digester-1.6.jar;C:\Users\muralikrishnan_g\.m2\repository\commons-beanutils\commons-beanutils-core\1.7.0\commons-beanutils-core-1.7.0.jar;C:\Users\muralikrishnan_g\.m2\repository\commons-jxpath\commons-jxpath\1.2\commons-jxpath-1.2.jar;C:\Users\muralikrishnan_g\.m2\repository\javax\servlet\servlet-api\2.2\servlet-api-2.2.jar;C:\Users\muralikrishnan_g\.m2\repository\ant\ant-optional\1.5.1\ant-optional-1.5.1.jar;C:\Users\muralikrishnan_g\.m2\repository\jdom\jdom\b9\jdom-b9.jar;C:\Users\muralikrishnan_g\.m2\repository\commons-collections\commons-collections\3.2.1\commons-collections-3.2.1.jar;C:\Users\muralikrishnan_g\.m2\repository\com\google\guava\guava\22.0\guava-22.0.jar;C:\Users\muralikrishnan_g\.m2\repository\com\google\code\findbugs\jsr305\1.3.9\jsr305-1.3.9.jar;C:\Users\muralikrishnan_g\.m2\repository\com\google\errorprone\error_prone_annotations\2.0.18\error_prone_annotations-2.0.18.jar;C:\Users\muralikrishnan_g\.m2\repository\com\google\j2objc\j2objc-annotations\1.1\j2objc-annotations-1.1.jar;C:\Users\muralikrishnan_g\.m2\repository\org\codehaus\mojo\animal-sniffer-annotations\1.14\animal-sniffer-annotations-1.14.jar;C:\Users\muralikrishnan_g\.m2\repository\org\apache\poi\poi\3.14\poi-3.14.jar;C:\Users\muralikrishnan_g\.m2\repository\org\apache\poi\poi-ooxml\3.14\poi-ooxml-3.14.jar;C:\Users\muralikrishnan_g\.m2\repository\org\apache\poi\poi-ooxml-schemas\3.14\poi-ooxml-schemas-3.14.jar;C:\Users\muralikrishnan_g\.m2\repository\org\apache\xmlbeans\xmlbeans\2.6.0\xmlbeans-2.6.0.jar;C:\Users\muralikrishnan_g\.m2\repository\stax\stax-api\1.0.1\stax-api-1.0.1.jar;C:\Users\muralikrishnan_g\.m2\repository\com\github\virtuald\curvesapi\1.03\curvesapi-1.03.jar;C:\Users\muralikrishnan_g\.m2\repository\net\masterthought\cucumber-reporting\3.8.0\cucumber-reporting-3.8.0.jar;C:\Users\muralikrishnan_g\.m2\repository\org\apache\logging\log4j\log4j-api\2.6\log4j-api-2.6.jar;C:\Users\muralikrishnan_g\.m2\repository\org\apache\logging\log4j\log4j-core\2.6\log4j-core-2.6.jar;C:\Users\muralikrishnan_g\.m2\repository\com\fasterxml\jackson\core\jackson-databind\2.8.5\jackson-databind-2.8.5.jar;C:\Users\muralikrishnan_g\.m2\repository\com\fasterxml\jackson\core\jackson-annotations\2.8.0\jackson-annotations-2.8.0.jar;C:\Users\muralikrishnan_g\.m2\repository\com\fasterxml\jackson\core\jackson-core\2.8.5\jackson-core-2.8.5.jar;C:\Users\muralikrishnan_g\.m2\repository\org\apache\velocity\velocity\1.7\velocity-1.7.jar;C:\Users\muralikrishnan_g\.m2\repository\velocity-tools\velocity-tools\1.4\velocity-tools-1.4.jar;C:\Users\muralikrishnan_g\.m2\repository\net\lingala\zip4j\zip4j\1.3.2\zip4j-1.3.2.jar;C:\Users\muralikrishnan_g\.m2\repository\com\googlecode\owasp-java-html-sanitizer\owasp-java-html-sanitizer\20160924.1\owasp-java-html-sanitizer-20160924.1.jar;C:\Users\muralikrishnan_g\.m2\repository\com\github\lalyos\jfiglet\0.0.8\jfiglet-0.0.8.jar;C:\Users\muralikrishnan_g\.m2\repository\info\cukes\cucumber-picocontainer\1.1.3\cucumber-picocontainer-1.1.3.jar;C:\Users\muralikrishnan_g\.m2\repository\org\apache\maven\surefire\surefire-testng-utils\2.20.1\surefire-testng-utils-2.20.1.jar;C:\Users\muralikrishnan_g\.m2\repository\org\apache\maven\surefire\surefire-grouper\2.20.1\surefire-grouper-2.20.1.jar;"/>
    <property name="sun.cpu.endian" value="little"/>
    <property name="user.home" value="C:\Users\muralikrishnan_g"/>
    <property name="user.language" value="en"/>
    <property name="java.specification.vendor" value="Oracle Corporation"/>
    <property name="java.home" value="C:\Program Files\Java\jdk1.8.0_152\jre"/>
    <property name="basedir" value="C:\Users\muralikrishnan_g\Parallel testing\AdaptiveAutomationFramework"/>
    <property name="file.separator" value="\"/>
    <property name="line.separator" value="&#10;"/>
    <property name="java.vm.specification.vendor" value="Oracle Corporation"/>
    <property name="java.specification.name" value="Java Platform API Specification"/>
    <property name="java.awt.graphicsenv" value="sun.awt.Win32GraphicsEnvironment"/>
    <property name="surefire.real.class.path" value="C:\Users\MURALI~1\AppData\Local\Temp\surefire5043102341809155182\surefirebooter6774804741551515198.jar"/>
    <property name="sun.boot.class.path" value="C:\Program Files\Java\jdk1.8.0_152\jre\lib\resources.jar;C:\Program Files\Java\jdk1.8.0_152\jre\lib\rt.jar;C:\Program Files\Java\jdk1.8.0_152\jre\lib\sunrsasign.jar;C:\Program Files\Java\jdk1.8.0_152\jre\lib\jsse.jar;C:\Program Files\Java\jdk1.8.0_152\jre\lib\jce.jar;C:\Program Files\Java\jdk1.8.0_152\jre\lib\charsets.jar;C:\Program Files\Java\jdk1.8.0_152\jre\lib\jfr.jar;C:\Program Files\Java\jdk1.8.0_152\jre\classes"/>
    <property name="user.script" value=""/>
    <property name="sun.management.compiler" value="HotSpot 64-Bit Tiered Compilers"/>
    <property name="java.runtime.version" value="1.8.0_152-b16"/>
    <property name="user.name" value="muralikrishnan_g"/>
    <property name="path.separator" value=";"/>
    <property name="os.version" value="6.3"/>
    <property name="java.endorsed.dirs" value="C:\Program Files\Java\jdk1.8.0_152\jre\lib\endorsed"/>
    <property name="java.runtime.name" value="Java(TM) SE Runtime Environment"/>
    <property name="file.encoding" value="Cp1252"/>
    <property name="java.vm.name" value="Java HotSpot(TM) 64-Bit Server VM"/>
    <property name="localRepository" value="C:\Users\muralikrishnan_g\.m2\repository"/>
    <property name="java.vendor.url.bug" value="http://bugreport.sun.com/bugreport/"/>
    <property name="java.io.tmpdir" value="C:\Users\MURALI~1\AppData\Local\Temp\"/>
    <property name="java.version" value="1.8.0_152"/>
    <property name="user.dir" value="C:\Users\muralikrishnan_g\Parallel testing\AdaptiveAutomationFramework"/>
    <property name="os.arch" value="amd64"/>
    <property name="java.vm.specification.name" value="Java Virtual Machine Specification"/>
    <property name="java.awt.printerjob" value="sun.awt.windows.WPrinterJob"/>
    <property name="sun.os.patch.level" value=""/>
    <property name="java.library.path" value="C:\Program Files\Java\jdk1.8.0_152\jre\bin;C:\Windows\Sun\Java\bin;C:\Windows\system32;C:\Windows;C:/Program Files/Java/jre1.8.0_152/bin/server;C:/Program Files/Java/jre1.8.0_152/bin;C:/Program Files/Java/jre1.8.0_152/lib/amd64;C:\ProgramData\Oracle\Java\javapath;C:\Program Files (x86)\Intel\iCLS Client\;C:\Program Files\Intel\iCLS Client\;C:\Windows\system32;C:\Windows;C:\Windows\System32\Wbem;C:\Windows\System32\WindowsPowerShell\v1.0\;C:\Program Files\Intel\Intel(R) Management Engine Components\DAL;C:\Program Files\Intel\Intel(R) Management Engine Components\IPT;C:\Program Files (x86)\Intel\Intel(R) Management Engine Components\DAL;C:\Program Files (x86)\Intel\Intel(R) Management Engine Components\IPT;C:\Program Files\TortoiseSVN\bin;C:\Program Files\nodejs;C:\Program Files\nodejs\;C:\Software\sdk\tools;C:\Software\sdk\platform-tools;C:\Software\eclipse;C:\Software\apache-maven-3.5.0\bin;C:\Program Files (x86)\Appium\node_modules\appium\bin\appium;C:\Program Files\nodejs\node_modules\npm;C:\Software\tomcat\bin;C:\Program Files\Java\jdk1.8.0_131\bin;C:\Users\muralikrishnan_g;;."/>
    <property name="java.vm.info" value="mixed mode"/>
    <property name="java.vendor" value="Oracle Corporation"/>
    <property name="java.vm.version" value="25.152-b16"/>
    <property name="java.ext.dirs" value="C:\Program Files\Java\jdk1.8.0_152\jre\lib\ext;C:\Windows\Sun\Java\lib\ext"/>
    <property name="sun.io.unicode.encoding" value="UnicodeLittle"/>
    <property name="java.class.version" value="52.0"/>
  </properties>
  <testcase name="testCukesRunner on testCukesRunner(cukesrunner.RunnerCukes)" classname="cukesrunner.RunnerCukes" time="245.48"/>
</testsuite>