<?xml version="1.0" encoding="UTF-8"?>
<!-- Generated by org.testng.reporters.JUnitReportReporter -->
<testsuite hostname="CHL114788" name="com.example.Parallel06IT" tests="1" failures="0" timestamp="7 Dec 2017 17:18:16 GMT" time="46.545" errors="0">
  <testcase name="feature" time="46.545" classname="com.example.Parallel06IT"/>
</testsuite> <!-- com.example.Parallel06IT -->
