<?xml version="1.0" encoding="UTF-8"?>
<!-- Generated by org.testng.reporters.JUnitReportReporter -->
<testsuite hostname="CHL114788" name="runners.TestRunner" tests="1" failures="0" timestamp="10 Nov 2017 17:08:44 GMT" time="0.903" errors="0">
  <testcase name="feature" time="0.903" classname="runners.TestRunner"/>
</testsuite> <!-- runners.TestRunner -->
