<?xml version="1.0" encoding="UTF-8"?>
<!-- Generated by org.testng.reporters.JUnitReportReporter -->
<testsuite hostname="CHL114788" name="Runner.TestRunner" tests="1" failures="0" timestamp="23 Jun 2017 15:31:17 GMT" time="0.317" errors="0">
  <testcase name="feature" time="0.317" classname="Runner.TestRunner"/>
</testsuite> <!-- Runner.TestRunner -->
