<?xml version="1.0" encoding="UTF-8"?>
<!-- Generated by org.testng.reporters.JUnitReportReporter -->
<testsuite hostname="us-guests-MacBook-Pro-3.local" failures="0" tests="1" name="cukesrunner.RunnerCukes" time="291.301" errors="0" timestamp="2020-05-13T10:27:00 CDT" skipped="0">
  <testcase classname="cukesrunner.RunnerCukes" name="testCukesRunner" time="291.301"/>
</testsuite> <!-- cukesrunner.RunnerCukes -->
