<?xml version="1.0" encoding="UTF-8"?>
<!-- Generated by org.testng.reporters.JUnitReportReporter -->
<testsuite hostname="CHL114788" name="cukesrunner.RunnerCukes" tests="1" failures="0" timestamp="7 Dec 2017 17:18:16 GMT" time="245.483" errors="0">
  <testcase name="testCukesRunner" time="245.483" classname="cukesrunner.RunnerCukes"/>
</testsuite> <!-- cukesrunner.RunnerCukes -->
